<?xml version="1.0" encoding="UTF-8"?>
<testsuite name="agh.ics.oop.Vector2dTest" tests="9" skipped="0" failures="0" errors="0" timestamp="2022-10-15T17:05:16" hostname="MacBook-Pro-Radek.local" time="0.088">
  <properties/>
  <testcase name="_lowerLeft()" classname="agh.ics.oop.Vector2dTest" time="0.05"/>
  <testcase name="_subtract()" classname="agh.ics.oop.Vector2dTest" time="0.001"/>
  <testcase name="_toString()" classname="agh.ics.oop.Vector2dTest" time="0.014"/>
  <testcase name="_precedes()" classname="agh.ics.oop.Vector2dTest" time="0.001"/>
  <testcase name="_upperRight()" classname="agh.ics.oop.Vector2dTest" time="0.001"/>
  <testcase name="_opposite()" classname="agh.ics.oop.Vector2dTest" time="0.001"/>
  <testcase name="_add()" classname="agh.ics.oop.Vector2dTest" time="0.002"/>
  <testcase name="_equals()" classname="agh.ics.oop.Vector2dTest" time="0.002"/>
  <testcase name="_follows()" classname="agh.ics.oop.Vector2dTest" time="0.002"/>
  <system-out><![CDATA[----Test metody lowerLeft----
----Test metody subtract----
----Test metody toString----
----Test metody precedes----
----Test metody upperRight----
----Test metody opposite----
----Test metody add----
----Test metody equals----
----Test metody follows----
]]></system-out>
  <system-err><![CDATA[]]></system-err>
</testsuite>
