<?xml version="1.0" encoding="UTF-8"?>
<testsuite name="agh.ics.oop.Vector2dTest" tests="1" skipped="0" failures="0" errors="0" timestamp="2022-10-15T14:56:06" hostname="MacBook-Pro-Radek.local" time="0.036">
  <properties/>
  <testcase name="_opposite()" classname="agh.ics.oop.Vector2dTest" time="0.036"/>
  <system-out><![CDATA[----Test metody opposite----
]]></system-out>
  <system-err><![CDATA[]]></system-err>
</testsuite>
